<?xml version="1.0" encoding="UTF-8"?>
<testng-results ignored="0" total="1" passed="1" failed="0" skipped="0">
  <reporter-output>
  </reporter-output>
  <suite started-at="2023-05-04T16:02:51 IST" name="Default suite" finished-at="2023-05-04T16:06:48 IST" duration-ms="236930">
    <groups>
    </groups>
    <test started-at="2023-05-04T16:02:51 IST" name="Default test" finished-at="2023-05-04T16:06:48 IST" duration-ms="236930">
      <class name="Day.Five.q2">
        <test-method is-config="true" signature="beforeTest()[pri:0, instance:Day.Five.q2@7c711375]" started-at="2023-05-04T16:02:51 IST" name="beforeTest" finished-at="2023-05-04T16:03:04 IST" duration-ms="12542" status="PASS">
          <reporter-output>
          </reporter-output>
        </test-method> <!-- beforeTest -->
        <test-method signature="Test()[pri:0, instance:Day.Five.q2@7c711375]" started-at="2023-05-04T16:03:04 IST" name="Test" finished-at="2023-05-04T16:06:48 IST" duration-ms="224100" status="PASS">
          <reporter-output>
          </reporter-output>
        </test-method> <!-- Test -->
        <test-method is-config="true" signature="afterTest()[pri:0, instance:Day.Five.q2@7c711375]" started-at="2023-05-04T16:06:48 IST" name="afterTest" finished-at="2023-05-04T16:06:48 IST" duration-ms="231" status="PASS">
          <reporter-output>
          </reporter-output>
        </test-method> <!-- afterTest -->
      </class> <!-- Day.Five.q2 -->
    </test> <!-- Default test -->
  </suite> <!-- Default suite -->
</testng-results>
