<?xml version="1.0" encoding="UTF-8"?>
<testng-results ignored="0" total="1" passed="1" failed="0" skipped="0">
  <reporter-output>
  </reporter-output>
  <suite started-at="2023-05-02T14:15:25 IST" name="Suite" finished-at="2023-05-02T14:15:37 IST" duration-ms="11395">
    <groups>
    </groups>
    <test started-at="2023-05-02T14:15:25 IST" name="Test" finished-at="2023-05-02T14:15:37 IST" duration-ms="11395">
      <class name="day9ts.NewTest">
        <test-method is-config="true" signature="f(java.lang.String)[pri:0, instance:day9ts.NewTest@7bab3f1a]" started-at="2023-05-02T14:15:25 IST" name="f" finished-at="2023-05-02T14:15:30 IST" duration-ms="4806" status="PASS">
          <params>
            <param index="0">
              <value>
                <![CDATA[edge]]>
              </value>
            </param>
          </params>
          <reporter-output>
          </reporter-output>
        </test-method> <!-- f -->
        <test-method signature="main()[pri:0, instance:day9ts.NewTest@7bab3f1a]" started-at="2023-05-02T14:15:30 IST" name="main" finished-at="2023-05-02T14:15:37 IST" duration-ms="6548" status="PASS">
          <reporter-output>
          </reporter-output>
        </test-method> <!-- main -->
      </class> <!-- day9ts.NewTest -->
    </test> <!-- Test -->
  </suite> <!-- Suite -->
</testng-results>
